<?xml version="1.0" encoding="UTF-8"?>
<!-- Generated by org.testng.reporters.JUnitReportReporter -->
<testsuite skipped="0" hostname="Sai" name="demo4.TestNew1" tests="4" failures="0" timestamp="2020-05-15T22:59:14 IST" time="36.583" errors="0">
  <testcase name="signup" time="14.016" classname="demo4.TestNew1"/>
  <system-out/>
  <testcase name="doLogin" time="2.579" classname="demo4.TestNew1"/>
  <system-out/>
  <testcase name="TestCart" time="8.968" classname="demo4.TestNew1"/>
  <system-out/>
  <testcase name="payment" time="11.020" classname="demo4.TestNew1"/>
  <system-out/>
</testsuite> <!-- demo4.TestNew1 -->
